<?xml version="1.0" encoding="UTF-8"?>
<testng-results skipped="0" failed="1" total="2" passed="1">
  <reporter-output>
  </reporter-output>
  <suite name="Suite_vivek" duration-ms="13379" started-at="2016-10-21T05:22:05Z" finished-at="2016-10-21T05:22:18Z">
    <groups>
    </groups>
    <test name="Test_1" duration-ms="13379" started-at="2016-10-21T05:22:05Z" finished-at="2016-10-21T05:22:18Z">
      <class name="com.learnautomation.selenium.Demo1">
        <test-method status="PASS" signature="setup()[pri:0, instance:com.learnautomation.selenium.Demo1@2ff4f00f]" name="setup" is-config="true" duration-ms="4117" started-at="2016-10-21T16:22:05Z" finished-at="2016-10-21T16:22:09Z">
          <reporter-output>
          </reporter-output>
        </test-method> <!-- setup -->
        <test-method status="PASS" signature="myTest1()[pri:0, instance:com.learnautomation.selenium.Demo1@2ff4f00f]" name="myTest1" duration-ms="2463" started-at="2016-10-21T16:22:09Z" finished-at="2016-10-21T16:22:12Z">
          <reporter-output>
          </reporter-output>
        </test-method> <!-- myTest1 -->
        <test-method status="PASS" signature="teardown(org.testng.ITestResult)[pri:0, instance:com.learnautomation.selenium.Demo1@2ff4f00f]" name="teardown" is-config="true" duration-ms="6" started-at="2016-10-21T16:22:12Z" finished-at="2016-10-21T16:22:12Z">
          <params>
            <param index="0">
              <value>
                <![CDATA[[TestResult name=myTest1 status=SUCCESS method=Demo1.myTest1()[pri:0, instance:com.learnautomation.selenium.Demo1@2ff4f00f] output={null}]]]>
              </value>
            </param>
          </params>
          <reporter-output>
          </reporter-output>
        </test-method> <!-- teardown -->
        <test-method status="FAIL" signature="myTest2()[pri:0, instance:com.learnautomation.selenium.Demo1@2ff4f00f]" name="myTest2" duration-ms="3618" started-at="2016-10-21T16:22:12Z" finished-at="2016-10-21T16:22:15Z">
          <exception class="java.lang.AssertionError">
            <full-stacktrace>
              <![CDATA[java.lang.AssertionError
	at org.junit.Assert.fail(Assert.java:92)
	at org.junit.Assert.assertTrue(Assert.java:43)
	at org.junit.Assert.assertTrue(Assert.java:54)
	at com.learnautomation.selenium.Demo1.myTest2(Demo1.java:51)
	at sun.reflect.NativeMethodAccessorImpl.invoke0(Native Method)
	at sun.reflect.NativeMethodAccessorImpl.invoke(NativeMethodAccessorImpl.java:62)
	at sun.reflect.DelegatingMethodAccessorImpl.invoke(DelegatingMethodAccessorImpl.java:43)
	at java.lang.reflect.Method.invoke(Method.java:497)
	at org.testng.internal.MethodInvocationHelper.invokeMethod(MethodInvocationHelper.java:80)
	at org.testng.internal.Invoker.invokeMethod(Invoker.java:714)
	at org.testng.internal.Invoker.invokeTestMethod(Invoker.java:901)
	at org.testng.internal.Invoker.invokeTestMethods(Invoker.java:1231)
	at org.testng.internal.TestMethodWorker.invokeTestMethods(TestMethodWorker.java:127)
	at org.testng.internal.TestMethodWorker.run(TestMethodWorker.java:111)
	at org.testng.TestRunner.privateRun(TestRunner.java:767)
	at org.testng.TestRunner.run(TestRunner.java:617)
	at org.testng.SuiteRunner.runTest(SuiteRunner.java:334)
	at org.testng.SuiteRunner.runSequentially(SuiteRunner.java:329)
	at org.testng.SuiteRunner.privateRun(SuiteRunner.java:291)
	at org.testng.SuiteRunner.run(SuiteRunner.java:240)
	at org.testng.SuiteRunnerWorker.runSuite(SuiteRunnerWorker.java:52)
	at org.testng.SuiteRunnerWorker.run(SuiteRunnerWorker.java:86)
	at org.testng.TestNG.runSuitesSequentially(TestNG.java:1198)
	at org.testng.TestNG.runSuitesLocally(TestNG.java:1123)
	at org.testng.TestNG.run(TestNG.java:1031)
	at org.apache.maven.surefire.testng.TestNGExecutor.run(TestNGExecutor.java:293)
	at org.apache.maven.surefire.testng.TestNGXmlTestSuite.execute(TestNGXmlTestSuite.java:84)
	at org.apache.maven.surefire.testng.TestNGProvider.invoke(TestNGProvider.java:91)
	at org.apache.maven.surefire.booter.ForkedBooter.invokeProviderInSameClassLoader(ForkedBooter.java:200)
	at org.apache.maven.surefire.booter.ForkedBooter.runSuitesInProcess(ForkedBooter.java:153)
	at org.apache.maven.surefire.booter.ForkedBooter.main(ForkedBooter.java:103)
]]>
            </full-stacktrace>
          </exception> <!-- java.lang.AssertionError -->
          <reporter-output>
          </reporter-output>
        </test-method> <!-- myTest2 -->
        <test-method status="PASS" signature="teardown(org.testng.ITestResult)[pri:0, instance:com.learnautomation.selenium.Demo1@2ff4f00f]" name="teardown" is-config="true" duration-ms="6" started-at="2016-10-21T16:22:15Z" finished-at="2016-10-21T16:22:15Z">
          <params>
            <param index="0">
              <value>
                <![CDATA[[TestResult name=myTest2 status=FAILURE method=Demo1.myTest2()[pri:0, instance:com.learnautomation.selenium.Demo1@2ff4f00f] output={null}]]]>
              </value>
            </param>
          </params>
          <reporter-output>
          </reporter-output>
        </test-method> <!-- teardown -->
        <test-method status="PASS" signature="endExecution()[pri:0, instance:com.learnautomation.selenium.Demo1@2ff4f00f]" name="endExecution" is-config="true" duration-ms="3000" started-at="2016-10-21T16:22:15Z" finished-at="2016-10-21T16:22:18Z">
          <reporter-output>
          </reporter-output>
        </test-method> <!-- endExecution -->
      </class> <!-- com.learnautomation.selenium.Demo1 -->
    </test> <!-- Test_1 -->
  </suite> <!-- Suite_vivek -->
</testng-results>
